<?xml version="1.0" encoding="UTF-8"?>
<testng-results skipped="0" failed="0" total="4" passed="4">
  <reporter-output>
  </reporter-output>
  <suite name="Default suite" duration-ms="69" started-at="2018-04-13T13:46:54Z" finished-at="2018-04-13T13:46:54Z">
    <groups>
    </groups>
    <test name="Default test" duration-ms="69" started-at="2018-04-13T13:46:54Z" finished-at="2018-04-13T13:46:54Z">
      <class name="cs265.CS265B_Lab_Week08_SportsClubTest">
        <test-method status="PASS" signature="calculateFee1()[pri:0, instance:cs265.CS265B_Lab_Week08_SportsClubTest@174d20a]" name="calculateFee1" duration-ms="21" started-at="2018-04-13T14:46:54Z" finished-at="2018-04-13T14:46:54Z">
          <reporter-output>
          </reporter-output>
        </test-method> <!-- calculateFee1 -->
        <test-method status="PASS" signature="calculateFee2()[pri:0, instance:cs265.CS265B_Lab_Week08_SportsClubTest@174d20a]" name="calculateFee2" duration-ms="1" started-at="2018-04-13T14:46:54Z" finished-at="2018-04-13T14:46:54Z">
          <reporter-output>
          </reporter-output>
        </test-method> <!-- calculateFee2 -->
        <test-method status="PASS" signature="calculateFee3()[pri:0, instance:cs265.CS265B_Lab_Week08_SportsClubTest@174d20a]" name="calculateFee3" duration-ms="2" started-at="2018-04-13T14:46:54Z" finished-at="2018-04-13T14:46:54Z">
          <reporter-output>
          </reporter-output>
        </test-method> <!-- calculateFee3 -->
        <test-method status="PASS" signature="calculateFee4()[pri:0, instance:cs265.CS265B_Lab_Week08_SportsClubTest@174d20a]" name="calculateFee4" duration-ms="3" started-at="2018-04-13T14:46:54Z" finished-at="2018-04-13T14:46:54Z">
          <reporter-output>
          </reporter-output>
        </test-method> <!-- calculateFee4 -->
      </class> <!-- cs265.CS265B_Lab_Week08_SportsClubTest -->
    </test> <!-- Default test -->
  </suite> <!-- Default suite -->
</testng-results>
