<?xml version="1.0" encoding="UTF-8"?>
<testng-results skipped="0" failed="0" ignored="0" total="4" passed="4">
  <reporter-output>
  </reporter-output>
  <suite name="Default suite" duration-ms="80" started-at="2018-02-23T14:31:12Z" finished-at="2018-02-23T14:31:12Z">
    <groups>
    </groups>
    <test name="Default test" duration-ms="80" started-at="2018-02-23T14:31:12Z" finished-at="2018-02-23T14:31:12Z">
      <class name="cs265.CS265_Lab_Week04_moodle_Test">
        <test-method status="PASS" signature="doMoodleLogon_test1()[pri:0, instance:cs265.CS265_Lab_Week04_moodle_Test@5d5eef3d]" name="doMoodleLogon_test1" duration-ms="22" started-at="2018-02-23T14:31:12Z" finished-at="2018-02-23T14:31:12Z">
          <reporter-output>
          </reporter-output>
        </test-method> <!-- doMoodleLogon_test1 -->
        <test-method status="PASS" signature="doMoodleLogon_test2()[pri:0, instance:cs265.CS265_Lab_Week04_moodle_Test@5d5eef3d]" name="doMoodleLogon_test2" duration-ms="2" started-at="2018-02-23T14:31:12Z" finished-at="2018-02-23T14:31:12Z">
          <reporter-output>
          </reporter-output>
        </test-method> <!-- doMoodleLogon_test2 -->
        <test-method status="PASS" signature="doMoodleLogon_test3()[pri:0, instance:cs265.CS265_Lab_Week04_moodle_Test@5d5eef3d]" name="doMoodleLogon_test3" duration-ms="1" started-at="2018-02-23T14:31:12Z" finished-at="2018-02-23T14:31:12Z">
          <reporter-output>
          </reporter-output>
        </test-method> <!-- doMoodleLogon_test3 -->
        <test-method status="PASS" signature="doMoodleLogon_test4()[pri:0, instance:cs265.CS265_Lab_Week04_moodle_Test@5d5eef3d]" name="doMoodleLogon_test4" duration-ms="1" started-at="2018-02-23T14:31:12Z" finished-at="2018-02-23T14:31:12Z">
          <reporter-output>
          </reporter-output>
        </test-method> <!-- doMoodleLogon_test4 -->
      </class> <!-- cs265.CS265_Lab_Week04_moodle_Test -->
    </test> <!-- Default test -->
  </suite> <!-- Default suite -->
</testng-results>
